<?xml version="1.0" encoding="UTF-8"?>
<testsuite xmlns:xsi="http://www.w3.org/2001/XMLSchema-instance" xsi:noNamespaceSchemaLocation="https://maven.apache.org/surefire/maven-surefire-plugin/xsd/surefire-test-report-3.0.xsd" version="3.0" name="com.robertlippai.TreasureHunter.TreasureHunterApplicationTests" time="16.124" tests="1" errors="0" skipped="0" failures="0">
  <properties>
[...]
</properties>
  <testcase name="contextLoads" classname="com.robertlippai.TreasureHunter.TreasureHunterApplicationTests" time="1.189">
    <system-out><![CDATA[20:32:57.238 [main] INFO org.springframework.test.context.support.AnnotationConfigContextLoaderUtils -- Could not detect default configuration classes for test class [com.robertlippai.TreasureHunter.TreasureHunterApplicationTests]: TreasureHunterApplicationTests does not declare any static, non-private, non-final, nested classes annotated with @Configuration.
20:32:57.465 [main] INFO org.springframework.boot.test.context.SpringBootTestContextBootstrapper -- Found @SpringBootConfiguration com.robertlippai.TreasureHunter.TreasureHunterApplication for test class com.robertlippai.TreasureHunter.TreasureHunterApplicationTests

  .   ____          _            __ _ _
 /\\ / ___'_ __ _ _(_)_ __  __ _ \ \ \ \
( ( )\___ | '_ | '_| | '_ \/ _` | \ \ \ \
 \\/  ___)| |_)| | | | | || (_| |  ) ) ) )
  '  |____| .__|_| |_|_| |_\__, | / / / /
 =========|_|==============|___/=/_/_/_/
 :: Spring Boot ::                (v3.1.4)

2023-12-05T20:32:58.441+01:00  INFO 1214 --- [           main] c.r.T.TreasureHunterApplicationTests     : Starting TreasureHunterApplicationTests using Java 17.0.9 with PID 1214 (started by robertlippai in /Users/robertlippai/Documents/TreasureHunter)
2023-12-05T20:32:58.447+01:00  INFO 1214 --- [           main] c.r.T.TreasureHunterApplicationTests     : No active profile set, falling back to 1 default profile: "default"
2023-12-05T20:33:03.697+01:00  INFO 1214 --- [           main] .s.d.r.c.RepositoryConfigurationDelegate : Bootstrapping Spring Data JPA repositories in DEFAULT mode.
2023-12-05T20:33:04.131+01:00  INFO 1214 --- [           main] .s.d.r.c.RepositoryConfigurationDelegate : Finished Spring Data repository scanning in 374 ms. Found 3 JPA repository interfaces.
2023-12-05T20:33:05.551+01:00  INFO 1214 --- [           main] o.hibernate.jpa.internal.util.LogHelper  : HHH000204: Processing PersistenceUnitInfo [name: default]
2023-12-05T20:33:05.691+01:00  INFO 1214 --- [           main] org.hibernate.Version                    : HHH000412: Hibernate ORM core version 6.2.9.Final
2023-12-05T20:33:05.698+01:00  INFO 1214 --- [           main] org.hibernate.cfg.Environment            : HHH000406: Using bytecode reflection optimizer
2023-12-05T20:33:06.080+01:00  INFO 1214 --- [           main] o.h.b.i.BytecodeProviderInitiator        : HHH000021: Bytecode provider name : bytebuddy
2023-12-05T20:33:06.376+01:00  INFO 1214 --- [           main] o.s.o.j.p.SpringPersistenceUnitInfo      : No LoadTimeWeaver setup: ignoring JPA class transformer
2023-12-05T20:33:06.401+01:00  INFO 1214 --- [           main] com.zaxxer.hikari.HikariDataSource       : HikariPool-1 - Starting...
2023-12-05T20:33:06.851+01:00  INFO 1214 --- [           main] com.zaxxer.hikari.pool.HikariPool        : HikariPool-1 - Added connection conn0: url=jdbc:h2:mem:testdb user=SA
2023-12-05T20:33:06.855+01:00  INFO 1214 --- [           main] com.zaxxer.hikari.HikariDataSource       : HikariPool-1 - Start completed.
2023-12-05T20:33:07.553+01:00  INFO 1214 --- [           main] o.h.b.i.BytecodeProviderInitiator        : HHH000021: Bytecode provider name : bytebuddy
2023-12-05T20:33:09.018+01:00  INFO 1214 --- [           main] o.h.e.t.j.p.i.JtaPlatformInitiator       : HHH000490: Using JtaPlatform implementation: [org.hibernate.engine.transaction.jta.platform.internal.NoJtaPlatform]
Hibernate: create table _user (id integer generated by default as identity, email varchar(255), first_name varchar(255), last_name varchar(255), password varchar(255), role varchar(255) check (role in ('USER','ADMIN')), primary key (id))
Hibernate: create table locations (id bigint not null, coordinates varchar(255), name varchar(255), primary key (id))
Hibernate: create table treasures (id bigint not null, description varchar(255), name varchar(255), unlockid bigint, was_found boolean, location_id bigint, primary key (id))
Hibernate: alter table if exists _user drop constraint if exists UK_k11y3pdtsrjgy8w9b6q4bjwrx
Hibernate: alter table if exists _user add constraint UK_k11y3pdtsrjgy8w9b6q4bjwrx unique (email)
Hibernate: create sequence locations_seq start with 1 increment by 50
Hibernate: create sequence treasures_seq start with 1 increment by 50
Hibernate: alter table if exists treasures add constraint FKi5vkt0sg9ff67aembmw3kg9cd foreign key (location_id) references locations
2023-12-05T20:33:09.152+01:00  INFO 1214 --- [           main] j.LocalContainerEntityManagerFactoryBean : Initialized JPA EntityManagerFactory for persistence unit 'default'
2023-12-05T20:33:10.231+01:00  WARN 1214 --- [           main] JpaBaseConfiguration$JpaWebConfiguration : spring.jpa.open-in-view is enabled by default. Therefore, database queries may be performed during view rendering. Explicitly configure spring.jpa.open-in-view to disable this warning
2023-12-05T20:33:10.651+01:00  INFO 1214 --- [           main] o.s.s.web.DefaultSecurityFilterChain     : Will secure any request with [org.springframework.security.web.session.DisableEncodeUrlFilter@3889c343, org.springframework.security.web.context.request.async.WebAsyncManagerIntegrationFilter@34be7efb, org.springframework.security.web.context.SecurityContextHolderFilter@3b3a3a92, org.springframework.security.web.header.HeaderWriterFilter@eaa07bb, org.springframework.security.web.authentication.logout.LogoutFilter@5243d730, org.springframework.security.web.authentication.www.BasicAuthenticationFilter@3eb641a8, org.springframework.security.web.savedrequest.RequestCacheAwareFilter@7a7bd9a8, org.springframework.security.web.servletapi.SecurityContextHolderAwareRequestFilter@72b6fa98, org.springframework.security.web.authentication.AnonymousAuthenticationFilter@136cad3e, org.springframework.security.web.access.ExceptionTranslationFilter@5bfdc92b, org.springframework.security.web.access.intercept.FilterSecurityInterceptor@3dbb7bb]
2023-12-05T20:33:11.637+01:00  INFO 1214 --- [           main] o.s.b.a.h2.H2ConsoleAutoConfiguration    : H2 console available at '/h2-ui'. Database available at 'jdbc:h2:mem:testdb'
2023-12-05T20:33:11.740+01:00  INFO 1214 --- [           main] c.r.T.TreasureHunterApplicationTests     : Started TreasureHunterApplicationTests in 13.953 seconds (process running for 15.939)
]]></system-out>
  </testcase>
</testsuite>